{
  "stats": {
    "suites": 1,
    "tests": 5,
    "passes": 5,
    "pending": 0,
    "failures": 0,
    "start": "2021-04-30T14:21:37.011Z",
    "end": "2021-04-30T14:21:53.381Z",
    "duration": 16370,
    "testsRegistered": 5,
    "passPercent": 100,
    "pendingPercent": 0,
    "other": 0,
    "hasOther": false,
    "skipped": 0,
    "hasSkipped": false
  },
  "results": [
    {
      "uuid": "30bd95f2-c062-4e5a-9bf3-7702006dccbe",
      "title": "",
      "fullFile": "cypress/integration/TestSuite.spec.js",
      "file": "cypress/integration/TestSuite.spec.js",
      "beforeHooks": [],
      "afterHooks": [],
      "tests": [],
      "suites": [
        {
          "uuid": "bf2487ed-6830-4744-9fca-91c26277d931",
          "title": "Test Suite",
          "fullFile": "",
          "file": "",
          "beforeHooks": [],
          "afterHooks": [],
          "tests": [
            {
              "title": "TestCase1",
              "fullTitle": "Test Suite TestCase1",
              "timedOut": null,
              "duration": 3020,
              "state": "passed",
              "speed": "slow",
              "pass": true,
              "fail": false,
              "pending": false,
              "context": null,
              "code": "a.login();\ncy.percySnapshot('First screenshot of the loginlogout test');\na.logout();",
              "err": {},
              "uuid": "51e746d3-ad41-4cd9-b40e-271dd4dfdc34",
              "parentUUID": "bf2487ed-6830-4744-9fca-91c26277d931",
              "isHook": false,
              "skipped": false
            },
            {
              "title": "TestCase2",
              "fullTitle": "Test Suite TestCase2",
              "timedOut": null,
              "duration": 2978,
              "state": "passed",
              "speed": "slow",
              "pass": true,
              "fail": false,
              "pending": false,
              "context": null,
              "code": "const b = new _createRoom.default();\na.login();\nb.createroom();\ncy.percySnapshot('Screenshot after creating a new room');\na.logout();",
              "err": {},
              "uuid": "02dda420-d030-41d7-8ef0-2a226737e2eb",
              "parentUUID": "bf2487ed-6830-4744-9fca-91c26277d931",
              "isHook": false,
              "skipped": false
            },
            {
              "title": "TestCase3",
              "fullTitle": "Test Suite TestCase3",
              "timedOut": null,
              "duration": 3162,
              "state": "passed",
              "speed": "slow",
              "pass": true,
              "fail": false,
              "pending": false,
              "context": null,
              "code": "const c = new _createClient.default();\na.login();\nc.createclient();\ncy.percySnapshot('Screenshot after creating a new client');\na.logout();",
              "err": {},
              "uuid": "105a4a1a-3e8d-4b41-a7df-27e700980519",
              "parentUUID": "bf2487ed-6830-4744-9fca-91c26277d931",
              "isHook": false,
              "skipped": false
            },
            {
              "title": "TestCase4",
              "fullTitle": "Test Suite TestCase4",
              "timedOut": null,
              "duration": 2489,
              "state": "passed",
              "speed": "slow",
              "pass": true,
              "fail": false,
              "pending": false,
              "context": null,
              "code": "const d = new _createBill.default();\na.login();\nd.createbill();\ncy.percySnapshot('Screenshot after creating a new bill');\na.logout();",
              "err": {},
              "uuid": "afa5463d-b55b-4f44-bbac-e1968d4dbe4f",
              "parentUUID": "bf2487ed-6830-4744-9fca-91c26277d931",
              "isHook": false,
              "skipped": false
            },
            {
              "title": "TestCase5",
              "fullTitle": "Test Suite TestCase5",
              "timedOut": null,
              "duration": 2897,
              "state": "passed",
              "speed": "slow",
              "pass": true,
              "fail": false,
              "pending": false,
              "context": null,
              "code": "const e = new _createReservation.default();\na.login();\ne.createreservation();\ncy.percySnapshot('Screenshot after creating a new bill');\na.logout();",
              "err": {},
              "uuid": "7f21e3b6-64e6-4cf2-8a4a-d867ee8a64be",
              "parentUUID": "bf2487ed-6830-4744-9fca-91c26277d931",
              "isHook": false,
              "skipped": false
            }
          ],
          "suites": [],
          "passes": [
            "51e746d3-ad41-4cd9-b40e-271dd4dfdc34",
            "02dda420-d030-41d7-8ef0-2a226737e2eb",
            "105a4a1a-3e8d-4b41-a7df-27e700980519",
            "afa5463d-b55b-4f44-bbac-e1968d4dbe4f",
            "7f21e3b6-64e6-4cf2-8a4a-d867ee8a64be"
          ],
          "failures": [],
          "pending": [],
          "skipped": [],
          "duration": 14546,
          "root": false,
          "rootEmpty": false,
          "_timeout": 2000
        }
      ],
      "passes": [],
      "failures": [],
      "pending": [],
      "skipped": [],
      "duration": 0,
      "root": true,
      "rootEmpty": true,
      "_timeout": 2000
    }
  ],
  "meta": {
    "mocha": {
      "version": "7.0.1"
    },
    "mochawesome": {
      "options": {
        "quiet": false,
        "reportFilename": "mochawesome",
        "saveHtml": true,
        "saveJson": true,
        "consoleReporter": "spec",
        "useInlineDiffs": false,
        "code": true
      },
      "version": "6.2.2"
    },
    "marge": {
      "options": {
        "reportDir": "cypress/report/mochawesome-report",
        "overwrite": false,
        "html": true,
        "json": true,
        "timestamp": "mmddyyyy_HHMMss",
        "chromeWebSecurity": false
      },
      "version": "5.2.0"
    }
  }
}