{
  "stats": {
    "suites": 1,
    "tests": 5,
    "passes": 5,
    "pending": 0,
    "failures": 0,
    "start": "2021-04-30T14:26:43.950Z",
    "end": "2021-04-30T14:27:00.179Z",
    "duration": 16229,
    "testsRegistered": 5,
    "passPercent": 100,
    "pendingPercent": 0,
    "other": 0,
    "hasOther": false,
    "skipped": 0,
    "hasSkipped": false
  },
  "results": [
    {
      "uuid": "1e023fed-12ee-4e80-afde-e649e10a7adf",
      "title": "",
      "fullFile": "cypress/integration/TestSuite.spec.js",
      "file": "cypress/integration/TestSuite.spec.js",
      "beforeHooks": [],
      "afterHooks": [],
      "tests": [],
      "suites": [
        {
          "uuid": "3b01318d-63d6-473b-95cf-cb55e813be80",
          "title": "Test Suite",
          "fullFile": "",
          "file": "",
          "beforeHooks": [],
          "afterHooks": [],
          "tests": [
            {
              "title": "TestCase1",
              "fullTitle": "Test Suite TestCase1",
              "timedOut": null,
              "duration": 2956,
              "state": "passed",
              "speed": "slow",
              "pass": true,
              "fail": false,
              "pending": false,
              "context": null,
              "code": "a.login();\ncy.percySnapshot('First screenshot of the loginlogout test');\na.logout();",
              "err": {},
              "uuid": "79cab69d-51bd-416a-ac18-e69a581e0af4",
              "parentUUID": "3b01318d-63d6-473b-95cf-cb55e813be80",
              "isHook": false,
              "skipped": false
            },
            {
              "title": "TestCase2",
              "fullTitle": "Test Suite TestCase2",
              "timedOut": null,
              "duration": 2937,
              "state": "passed",
              "speed": "slow",
              "pass": true,
              "fail": false,
              "pending": false,
              "context": null,
              "code": "const b = new _createRoom.default();\na.login();\nb.createroom();\ncy.percySnapshot('Screenshot after creating a new room');\na.logout();",
              "err": {},
              "uuid": "7f145077-d908-4779-b01b-ba7f4977a6cf",
              "parentUUID": "3b01318d-63d6-473b-95cf-cb55e813be80",
              "isHook": false,
              "skipped": false
            },
            {
              "title": "TestCase3",
              "fullTitle": "Test Suite TestCase3",
              "timedOut": null,
              "duration": 3158,
              "state": "passed",
              "speed": "slow",
              "pass": true,
              "fail": false,
              "pending": false,
              "context": null,
              "code": "const c = new _createClient.default();\na.login();\nc.createclient();\ncy.percySnapshot('Screenshot after creating a new client');\na.logout();",
              "err": {},
              "uuid": "45179e3d-fe9c-4c45-9096-2751f5300aef",
              "parentUUID": "3b01318d-63d6-473b-95cf-cb55e813be80",
              "isHook": false,
              "skipped": false
            },
            {
              "title": "TestCase4",
              "fullTitle": "Test Suite TestCase4",
              "timedOut": null,
              "duration": 2528,
              "state": "passed",
              "speed": "slow",
              "pass": true,
              "fail": false,
              "pending": false,
              "context": null,
              "code": "const d = new _createBill.default();\na.login();\nd.createbill();\ncy.percySnapshot('Screenshot after creating a new bill');\na.logout();",
              "err": {},
              "uuid": "3e0191db-06e6-40b7-8195-22e17659e8cb",
              "parentUUID": "3b01318d-63d6-473b-95cf-cb55e813be80",
              "isHook": false,
              "skipped": false
            },
            {
              "title": "TestCase5",
              "fullTitle": "Test Suite TestCase5",
              "timedOut": null,
              "duration": 2862,
              "state": "passed",
              "speed": "slow",
              "pass": true,
              "fail": false,
              "pending": false,
              "context": null,
              "code": "const e = new _createReservation.default();\na.login();\ne.createreservation();\ncy.percySnapshot('Screenshot after creating a new reservation');\na.logout();",
              "err": {},
              "uuid": "b7a05da3-17e0-41e6-8e7b-997c7b0cc24a",
              "parentUUID": "3b01318d-63d6-473b-95cf-cb55e813be80",
              "isHook": false,
              "skipped": false
            }
          ],
          "suites": [],
          "passes": [
            "79cab69d-51bd-416a-ac18-e69a581e0af4",
            "7f145077-d908-4779-b01b-ba7f4977a6cf",
            "45179e3d-fe9c-4c45-9096-2751f5300aef",
            "3e0191db-06e6-40b7-8195-22e17659e8cb",
            "b7a05da3-17e0-41e6-8e7b-997c7b0cc24a"
          ],
          "failures": [],
          "pending": [],
          "skipped": [],
          "duration": 14441,
          "root": false,
          "rootEmpty": false,
          "_timeout": 2000
        }
      ],
      "passes": [],
      "failures": [],
      "pending": [],
      "skipped": [],
      "duration": 0,
      "root": true,
      "rootEmpty": true,
      "_timeout": 2000
    }
  ],
  "meta": {
    "mocha": {
      "version": "7.0.1"
    },
    "mochawesome": {
      "options": {
        "quiet": false,
        "reportFilename": "mochawesome",
        "saveHtml": true,
        "saveJson": true,
        "consoleReporter": "spec",
        "useInlineDiffs": false,
        "code": true
      },
      "version": "6.2.2"
    },
    "marge": {
      "options": {
        "reportDir": "cypress/report/mochawesome-report",
        "overwrite": false,
        "html": true,
        "json": true,
        "timestamp": "mmddyyyy_HHMMss",
        "chromeWebSecurity": false
      },
      "version": "5.2.0"
    }
  }
}