{
  "stats": {
    "suites": 1,
    "tests": 5,
    "passes": 5,
    "pending": 0,
    "failures": 0,
    "start": "2021-04-30T14:22:58.117Z",
    "end": "2021-04-30T14:23:14.831Z",
    "duration": 16714,
    "testsRegistered": 5,
    "passPercent": 100,
    "pendingPercent": 0,
    "other": 0,
    "hasOther": false,
    "skipped": 0,
    "hasSkipped": false
  },
  "results": [
    {
      "uuid": "89df551d-5c43-4fab-97bc-816994954299",
      "title": "",
      "fullFile": "cypress/integration/TestSuite.spec.js",
      "file": "cypress/integration/TestSuite.spec.js",
      "beforeHooks": [],
      "afterHooks": [],
      "tests": [],
      "suites": [
        {
          "uuid": "69f8248f-1fb0-4bca-b558-c609b2d90e94",
          "title": "Test Suite",
          "fullFile": "",
          "file": "",
          "beforeHooks": [],
          "afterHooks": [],
          "tests": [
            {
              "title": "TestCase1",
              "fullTitle": "Test Suite TestCase1",
              "timedOut": null,
              "duration": 3053,
              "state": "passed",
              "speed": "slow",
              "pass": true,
              "fail": false,
              "pending": false,
              "context": null,
              "code": "a.login();\ncy.percySnapshot('First screenshot of the loginlogout test');\na.logout();",
              "err": {},
              "uuid": "e9c54837-1b75-4bfc-bfd3-f5001c2a8a97",
              "parentUUID": "69f8248f-1fb0-4bca-b558-c609b2d90e94",
              "isHook": false,
              "skipped": false
            },
            {
              "title": "TestCase2",
              "fullTitle": "Test Suite TestCase2",
              "timedOut": null,
              "duration": 3093,
              "state": "passed",
              "speed": "slow",
              "pass": true,
              "fail": false,
              "pending": false,
              "context": null,
              "code": "const b = new _createRoom.default();\na.login();\nb.createroom();\ncy.percySnapshot('Screenshot after creating a new room');\na.logout();",
              "err": {},
              "uuid": "62e7a3fa-b8ac-4717-8d7e-28eb24f47d97",
              "parentUUID": "69f8248f-1fb0-4bca-b558-c609b2d90e94",
              "isHook": false,
              "skipped": false
            },
            {
              "title": "TestCase3",
              "fullTitle": "Test Suite TestCase3",
              "timedOut": null,
              "duration": 3198,
              "state": "passed",
              "speed": "slow",
              "pass": true,
              "fail": false,
              "pending": false,
              "context": null,
              "code": "const c = new _createClient.default();\na.login();\nc.createclient();\ncy.percySnapshot('Screenshot after creating a new client');\na.logout();",
              "err": {},
              "uuid": "75fcac93-2035-4a5d-95f9-a8f6622522c4",
              "parentUUID": "69f8248f-1fb0-4bca-b558-c609b2d90e94",
              "isHook": false,
              "skipped": false
            },
            {
              "title": "TestCase4",
              "fullTitle": "Test Suite TestCase4",
              "timedOut": null,
              "duration": 2620,
              "state": "passed",
              "speed": "slow",
              "pass": true,
              "fail": false,
              "pending": false,
              "context": null,
              "code": "const d = new _createBill.default();\na.login();\nd.createbill();\ncy.percySnapshot('Screenshot after creating a new bill');\na.logout();",
              "err": {},
              "uuid": "ff12cbc5-5da3-407c-b9a4-44ece7cb7eb2",
              "parentUUID": "69f8248f-1fb0-4bca-b558-c609b2d90e94",
              "isHook": false,
              "skipped": false
            },
            {
              "title": "TestCase5",
              "fullTitle": "Test Suite TestCase5",
              "timedOut": null,
              "duration": 2974,
              "state": "passed",
              "speed": "slow",
              "pass": true,
              "fail": false,
              "pending": false,
              "context": null,
              "code": "const e = new _createReservation.default();\na.login();\ne.createreservation();\ncy.percySnapshot('Screenshot after creating a new reservation');\na.logout();",
              "err": {},
              "uuid": "fc844ed6-7da1-4765-b1d1-d9ca9a085334",
              "parentUUID": "69f8248f-1fb0-4bca-b558-c609b2d90e94",
              "isHook": false,
              "skipped": false
            }
          ],
          "suites": [],
          "passes": [
            "e9c54837-1b75-4bfc-bfd3-f5001c2a8a97",
            "62e7a3fa-b8ac-4717-8d7e-28eb24f47d97",
            "75fcac93-2035-4a5d-95f9-a8f6622522c4",
            "ff12cbc5-5da3-407c-b9a4-44ece7cb7eb2",
            "fc844ed6-7da1-4765-b1d1-d9ca9a085334"
          ],
          "failures": [],
          "pending": [],
          "skipped": [],
          "duration": 14938,
          "root": false,
          "rootEmpty": false,
          "_timeout": 2000
        }
      ],
      "passes": [],
      "failures": [],
      "pending": [],
      "skipped": [],
      "duration": 0,
      "root": true,
      "rootEmpty": true,
      "_timeout": 2000
    }
  ],
  "meta": {
    "mocha": {
      "version": "7.0.1"
    },
    "mochawesome": {
      "options": {
        "quiet": false,
        "reportFilename": "mochawesome",
        "saveHtml": true,
        "saveJson": true,
        "consoleReporter": "spec",
        "useInlineDiffs": false,
        "code": true
      },
      "version": "6.2.2"
    },
    "marge": {
      "options": {
        "reportDir": "cypress/report/mochawesome-report",
        "overwrite": false,
        "html": true,
        "json": true,
        "timestamp": "mmddyyyy_HHMMss",
        "chromeWebSecurity": false
      },
      "version": "5.2.0"
    }
  }
}